app/build/outputs/logs/manifest-merger-debug-report.txt
-- Merging decision tree log ---
manifest
ADDED from src\main\AndroidManifest.xml:2:1-64:12
INJECTED from src\main\AndroidManifest.xml:2:1-64:12
INJECTED from src\main\AndroidManifest.xml:2:1-64:12
INJECTED from src\main\AndroidManifest.xml:2:1-64:12
MERGED from [com.android.support.constraint:constraint-layout:1.1.0] AndroidManifest.xml:2:1-11:12
MERGED from [com.github.pchmn:MaterialChipsInput:1.0.5] AndroidManifest.xml:2:1-17:12
MERGED from [com.wdullaer:materialdatetimepicker:3.2.0] AndroidManifest.xml:17:1-30:12
MERGED from [com.android.support:design:27.0.2] AndroidManifest.xml:17:1-22:12
MERGED from [com.android.support:appcompat-v7:27.0.2] AndroidManifest.xml:17:1-22:12
MERGED from [com.android.support:cardview-v7:27.0.2] AndroidManifest.xml:17:1-22:12
MERGED from [com.android.support:recyclerview-v7:27.0.2] AndroidManifest.xml:17:1-22:12
MERGED from [com.google.android.gms:play-services-places:11.8.0] AndroidManifest.xml:17:1-24:12
MERGED from [com.google.android.gms:play-services-maps:11.8.0] AndroidManifest.xml:17:1-32:12
MERGED from [com.google.android.gms:play-services-base:11.8.0] AndroidManifest.xml:17:1-29:12
MERGED from [com.google.android.gms:play-services-tasks:11.8.0] AndroidManifest.xml:2:1-9:12
MERGED from [com.google.android.gms:play-services-basement:11.8.0] AndroidManifest.xml:17:1-28:12
MERGED from [com.android.support:support-v13:27.0.2] AndroidManifest.xml:17:1-22:12
MERGED from [com.android.support:support-v4:27.0.2] AndroidManifest.xml:17:1-22:12
MERGED from [com.android.support:animated-vector-drawable:27.0.2] AndroidManifest.xml:17:1-22:12
MERGED from [com.android.support:support-vector-drawable:27.0.2] AndroidManifest.xml:17:1-22:12
MERGED from [com.balysv:material-ripple:1.0.2] AndroidManifest.xml:2:1-14:12
MERGED from [com.mikhaellopez:circularimageview:3.0.2] AndroidManifest.xml:2:1-15:12
MERGED from [com.hootsuite.android:nachos:1.1.1] AndroidManifest.xml:2:1-11:12
MERGED from [com.google.android:flexbox:0.3.2] AndroidManifest.xml:17:1-27:12
MERGED from [com.facebook.stetho:stetho:1.4.2] AndroidManifest.xml:2:1-13:12
MERGED from [com.jakewharton:butterknife:8.5.1] AndroidManifest.xml:2:1-7:12
MERGED from [com.android.support:support-media-compat:27.0.2] AndroidManifest.xml:17:1-22:12
MERGED from [com.android.support:support-fragment:27.0.2] AndroidManifest.xml:17:1-22:12
MERGED from [com.android.support:support-core-utils:27.0.2] AndroidManifest.xml:17:1-22:12
MERGED from [com.android.support:support-core-ui:27.0.2] AndroidManifest.xml:17:1-22:12
MERGED from [com.android.support:transition:27.0.2] AndroidManifest.xml:17:1-22:12
MERGED from [com.android.support:support-compat:27.0.2] AndroidManifest.xml:17:1-22:12
MERGED from [com.google.android.gms:play-services-maps-license:11.8.0] AndroidManifest.xml:2:1-6:12
MERGED from [com.google.android.gms:play-services-places-license:11.8.0] AndroidManifest.xml:2:1-6:12
MERGED from [com.beloo.widget:ChipsLayoutManager:0.3.7] AndroidManifest.xml:2:1-12:12
MERGED from [de.hdodenhof:circleimageview:2.1.0] AndroidManifest.xml:2:1-11:12
MERGED from [com.google.android.gms:play-services-base-license:11.8.0] AndroidManifest.xml:2:1-6:12
MERGED from [com.google.android.gms:play-services-basement-license:11.8.0] AndroidManifest.xml:2:1-6:12
MERGED from [com.google.android.gms:play-services-tasks-license:11.8.0] AndroidManifest.xml:2:1-6:12
MERGED from [android.arch.lifecycle:runtime:1.0.3] AndroidManifest.xml:17:1-24:12
INJECTED from src\main\AndroidManifest.xml:2:1-64:12
INJECTED from src\main\AndroidManifest.xml:2:1-64:12
INJECTED from src\main\AndroidManifest.xml:2:1-64:12
	package
		ADDED from src\main\AndroidManifest.xml:3:5-48
		INJECTED from src\main\AndroidManifest.xml
		INJECTED from src\main\AndroidManifest.xml
	android:versionName
		INJECTED from src\main\AndroidManifest.xml
		ADDED from src\main\AndroidManifest.xml:2:1-64:12
		INJECTED from src\main\AndroidManifest.xml
	android:versionCode
		INJECTED from src\main\AndroidManifest.xml
		ADDED from src\main\AndroidManifest.xml:2:1-64:12
		INJECTED from src\main\AndroidManifest.xml
	xmlns:android
		ADDED from src\main\AndroidManifest.xml:2:11-69
application
ADDED from src\main\AndroidManifest.xml:5:5-62:19
MERGED from [com.android.support.constraint:constraint-layout:1.1.0] AndroidManifest.xml:9:5-20
MERGED from [com.android.support.constraint:constraint-layout:1.1.0] AndroidManifest.xml:9:5-20
MERGED from [com.github.pchmn:MaterialChipsInput:1.0.5] AndroidManifest.xml:11:5-15:19
MERGED from [com.github.pchmn:MaterialChipsInput:1.0.5] AndroidManifest.xml:11:5-15:19
MERGED from [com.wdullaer:materialdatetimepicker:3.2.0] AndroidManifest.xml:28:5-20
MERGED from [com.wdullaer:materialdatetimepicker:3.2.0] AndroidManifest.xml:28:5-20
MERGED from [com.google.android.gms:play-services-places:11.8.0] AndroidManifest.xml:22:5-20
MERGED from [com.google.android.gms:play-services-places:11.8.0] AndroidManifest.xml:22:5-20
MERGED from [com.google.android.gms:play-services-maps:11.8.0] AndroidManifest.xml:30:5-20
MERGED from [com.google.android.gms:play-services-maps:11.8.0] AndroidManifest.xml:30:5-20
MERGED from [com.google.android.gms:play-services-base:11.8.0] AndroidManifest.xml:22:5-27:19
MERGED from [com.google.android.gms:play-services-base:11.8.0] AndroidManifest.xml:22:5-27:19
MERGED from [com.google.android.gms:play-services-tasks:11.8.0] AndroidManifest.xml:7:5-20
MERGED from [com.google.android.gms:play-services-tasks:11.8.0] AndroidManifest.xml:7:5-20
MERGED from [com.google.android.gms:play-services-basement:11.8.0] AndroidManifest.xml:22:5-26:19
MERGED from [com.google.android.gms:play-services-basement:11.8.0] AndroidManifest.xml:22:5-26:19
MERGED from [com.balysv:material-ripple:1.0.2] AndroidManifest.xml:12:5-20
MERGED from [com.balysv:material-ripple:1.0.2] AndroidManifest.xml:12:5-20
MERGED from [com.mikhaellopez:circularimageview:3.0.2] AndroidManifest.xml:11:5-13:38
MERGED from [com.mikhaellopez:circularimageview:3.0.2] AndroidManifest.xml:11:5-13:38
MERGED from [com.facebook.stetho:stetho:1.4.2] AndroidManifest.xml:11:5-20
MERGED from [com.facebook.stetho:stetho:1.4.2] AndroidManifest.xml:11:5-20
MERGED from [com.google.android.gms:play-services-maps-license:11.8.0] AndroidManifest.xml:5:5-20
MERGED from [com.google.android.gms:play-services-maps-license:11.8.0] AndroidManifest.xml:5:5-20
MERGED from [com.google.android.gms:play-services-places-license:11.8.0] AndroidManifest.xml:5:5-20
MERGED from [com.google.android.gms:play-services-places-license:11.8.0] AndroidManifest.xml:5:5-20
MERGED from [de.hdodenhof:circleimageview:2.1.0] AndroidManifest.xml:9:5-20
MERGED from [de.hdodenhof:circleimageview:2.1.0] AndroidManifest.xml:9:5-20
MERGED from [com.google.android.gms:play-services-base-license:11.8.0] AndroidManifest.xml:5:5-20
MERGED from [com.google.android.gms:play-services-base-license:11.8.0] AndroidManifest.xml:5:5-20
MERGED from [com.google.android.gms:play-services-basement-license:11.8.0] AndroidManifest.xml:5:5-20
MERGED from [com.google.android.gms:play-services-basement-license:11.8.0] AndroidManifest.xml:5:5-20
MERGED from [com.google.android.gms:play-services-tasks-license:11.8.0] AndroidManifest.xml:5:5-20
MERGED from [com.google.android.gms:play-services-tasks-license:11.8.0] AndroidManifest.xml:5:5-20
	android:supportsRtl
		ADDED from src\main\AndroidManifest.xml:11:9-35
	android:label
		ADDED from src\main\AndroidManifest.xml:9:9-41
	android:roundIcon
		ADDED from src\main\AndroidManifest.xml:10:9-41
	android:icon
		ADDED from src\main\AndroidManifest.xml:7:9-36
	android:allowBackup
		ADDED from src\main\AndroidManifest.xml:6:9-35
	android:theme
		ADDED from src\main\AndroidManifest.xml:12:9-40
	android:name
		ADDED from src\main\AndroidManifest.xml:8:9-36
activity#com.example.a201495_2.porkgestion.MainActivity
ADDED from src\main\AndroidManifest.xml:13:9-23:20
	android:screenOrientation
		ADDED from src\main\AndroidManifest.xml:16:13-49
	android:label
		ADDED from src\main\AndroidManifest.xml:15:13-45
	android:theme
		ADDED from src\main\AndroidManifest.xml:17:13-56
	android:name
		ADDED from src\main\AndroidManifest.xml:14:13-41
intent-filter#action:name:android.intent.action.MAIN+category:name:android.intent.category.LAUNCHER
ADDED from src\main\AndroidManifest.xml:18:13-22:29
action#android.intent.action.MAIN
ADDED from src\main\AndroidManifest.xml:19:17-69
	android:name
		ADDED from src\main\AndroidManifest.xml:19:25-66
category#android.intent.category.LAUNCHER
ADDED from src\main\AndroidManifest.xml:21:17-77
	android:name
		ADDED from src\main\AndroidManifest.xml:21:27-74
activity#com.example.a201495_2.porkgestion.MenuLateral
ADDED from src\main\AndroidManifest.xml:24:9-26:52
	android:screenOrientation
		ADDED from src\main\AndroidManifest.xml:26:13-49
	android:name
		ADDED from src\main\AndroidManifest.xml:25:13-40
activity#com.example.a201495_2.porkgestion.MainRegistrousuario
ADDED from src\main\AndroidManifest.xml:27:9-57
	android:name
		ADDED from src\main\AndroidManifest.xml:27:19-54
activity#com.example.a201495_2.porkgestion.cerdo
ADDED from src\main\AndroidManifest.xml:28:9-43
	android:name
		ADDED from src\main\AndroidManifest.xml:28:19-40
activity#com.example.a201495_2.porkgestion.ventas
ADDED from src\main\AndroidManifest.xml:29:9-44
	android:name
		ADDED from src\main\AndroidManifest.xml:29:19-41
activity#com.example.a201495_2.porkgestion.reproduccion
ADDED from src\main\AndroidManifest.xml:30:9-50
	android:name
		ADDED from src\main\AndroidManifest.xml:30:19-47
activity#com.example.a201495_2.porkgestion.reportes
ADDED from src\main\AndroidManifest.xml:31:9-46
	android:name
		ADDED from src\main\AndroidManifest.xml:31:19-43
activity#com.example.a201495_2.porkgestion.monta
ADDED from src\main\AndroidManifest.xml:32:9-43
	android:name
		ADDED from src\main\AndroidManifest.xml:32:19-40
activity#com.example.a201495_2.porkgestion.RazaActivity
ADDED from src\main\AndroidManifest.xml:33:9-50
	android:name
		ADDED from src\main\AndroidManifest.xml:33:19-47
activity#com.example.a201495_2.porkgestion.fpp
ADDED from src\main\AndroidManifest.xml:34:9-41
	android:name
		ADDED from src\main\AndroidManifest.xml:34:19-38
activity#com.example.a201495_2.porkgestion.PartoActivity
ADDED from src\main\AndroidManifest.xml:35:9-51
	android:name
		ADDED from src\main\AndroidManifest.xml:35:19-48
activity#com.example.a201495_2.porkgestion.reporteparto
ADDED from src\main\AndroidManifest.xml:36:9-50
	android:name
		ADDED from src\main\AndroidManifest.xml:36:19-47
activity#com.example.a201495_2.porkgestion.reporteventa
ADDED from src\main\AndroidManifest.xml:37:9-50
	android:name
		ADDED from src\main\AndroidManifest.xml:37:19-47
activity#com.example.a201495_2.porkgestion.reporteverracos
ADDED from src\main\AndroidManifest.xml:38:9-53
	android:name
		ADDED from src\main\AndroidManifest.xml:38:19-50
activity#com.example.a201495_2.porkgestion.MainInformacion
ADDED from src\main\AndroidManifest.xml:39:9-53
	android:name
		ADDED from src\main\AndroidManifest.xml:39:19-50
activity#com.example.a201495_2.porkgestion.MainContenido
ADDED from src\main\AndroidManifest.xml:40:9-51
	android:name
		ADDED from src\main\AndroidManifest.xml:40:19-48
activity#com.example.a201495_2.porkgestion.MainEditusuario
ADDED from src\main\AndroidManifest.xml:41:9-53
	android:name
		ADDED from src\main\AndroidManifest.xml:41:19-50
activity#com.example.a201495_2.porkgestion.MainCiclo
ADDED from src\main\AndroidManifest.xml:42:9-47
	android:name
		ADDED from src\main\AndroidManifest.xml:42:19-44
activity#com.example.a201495_2.porkgestion.MainGlosario
ADDED from src\main\AndroidManifest.xml:43:9-50
	android:name
		ADDED from src\main\AndroidManifest.xml:43:19-47
activity#com.example.a201495_2.porkgestion.MainDatosOrg
ADDED from src\main\AndroidManifest.xml:44:9-50
	android:name
		ADDED from src\main\AndroidManifest.xml:44:19-47
activity#com.example.a201495_2.porkgestion.MainLinks
ADDED from src\main\AndroidManifest.xml:45:9-47
	android:name
		ADDED from src\main\AndroidManifest.xml:45:19-44
activity#com.example.a201495_2.porkgestion.MainRecomendaciones
ADDED from src\main\AndroidManifest.xml:46:9-57
	android:name
		ADDED from src\main\AndroidManifest.xml:46:19-54
activity#com.example.a201495_2.porkgestion.lechon
ADDED from src\main\AndroidManifest.xml:47:9-44
	android:name
		ADDED from src\main\AndroidManifest.xml:47:19-41
activity#com.example.a201495_2.porkgestion.MainReporteHV
ADDED from src\main\AndroidManifest.xml:48:9-51
	android:name
		ADDED from src\main\AndroidManifest.xml:48:19-48
activity#com.example.a201495_2.porkgestion.DashReproductivo
ADDED from src\main\AndroidManifest.xml:49:9-54
	android:name
		ADDED from src\main\AndroidManifest.xml:49:19-51
activity#com.example.a201495_2.porkgestion.Partolact
ADDED from src\main\AndroidManifest.xml:50:9-47
	android:name
		ADDED from src\main\AndroidManifest.xml:50:19-44
activity#com.example.a201495_2.porkgestion.consultacerdo
ADDED from src\main\AndroidManifest.xml:51:9-51
	android:name
		ADDED from src\main\AndroidManifest.xml:51:19-48
activity#com.example.a201495_2.porkgestion.PajillaActivity
ADDED from src\main\AndroidManifest.xml:52:9-53
	android:name
		ADDED from src\main\AndroidManifest.xml:52:19-50
activity#com.example.a201495_2.porkgestion.totalcerdos
ADDED from src\main\AndroidManifest.xml:53:9-49
	android:name
		ADDED from src\main\AndroidManifest.xml:53:19-46
activity#com.example.a201495_2.porkgestion.prenez
ADDED from src\main\AndroidManifest.xml:54:9-44
	android:name
		ADDED from src\main\AndroidManifest.xml:54:19-41
activity#com.example.a201495_2.porkgestion.menucerdo
ADDED from src\main\AndroidManifest.xml:55:9-46
	android:name
		ADDED from src\main\AndroidManifest.xml:55:19-44
activity#com.example.a201495_2.porkgestion.SanidadActivity
ADDED from src\main\AndroidManifest.xml:56:9-52
	android:name
		ADDED from src\main\AndroidManifest.xml:56:19-50
activity#com.example.a201495_2.porkgestion.ceprenez
ADDED from src\main\AndroidManifest.xml:57:9-45
	android:name
		ADDED from src\main\AndroidManifest.xml:57:19-43
activity#com.example.a201495_2.porkgestion.vergestantes
ADDED from src\main\AndroidManifest.xml:58:9-49
	android:name
		ADDED from src\main\AndroidManifest.xml:58:19-47
activity#com.example.a201495_2.porkgestion.ververracos
ADDED from src\main\AndroidManifest.xml:59:9-48
	android:name
		ADDED from src\main\AndroidManifest.xml:59:19-46
activity#com.example.a201495_2.porkgestion.listaverracos
ADDED from src\main\AndroidManifest.xml:60:9-50
	android:name
		ADDED from src\main\AndroidManifest.xml:60:19-48
uses-sdk
INJECTED from src\main\AndroidManifest.xml reason: use-sdk injection requested
INJECTED from src\main\AndroidManifest.xml
INJECTED from src\main\AndroidManifest.xml
MERGED from [com.android.support.constraint:constraint-layout:1.1.0] AndroidManifest.xml:5:5-7:41
MERGED from [com.android.support.constraint:constraint-layout:1.1.0] AndroidManifest.xml:5:5-7:41
MERGED from [com.github.pchmn:MaterialChipsInput:1.0.5] AndroidManifest.xml:7:5-9:41
MERGED from [com.github.pchmn:MaterialChipsInput:1.0.5] AndroidManifest.xml:7:5-9:41
MERGED from [com.wdullaer:materialdatetimepicker:3.2.0] AndroidManifest.xml:22:5-24:41
MERGED from [com.wdullaer:materialdatetimepicker:3.2.0] AndroidManifest.xml:22:5-24:41
MERGED from [com.android.support:design:27.0.2] AndroidManifest.xml:20:5-44
MERGED from [com.android.support:design:27.0.2] AndroidManifest.xml:20:5-44
MERGED from [com.android.support:appcompat-v7:27.0.2] AndroidManifest.xml:20:5-44
MERGED from [com.android.support:appcompat-v7:27.0.2] AndroidManifest.xml:20:5-44
MERGED from [com.android.support:cardview-v7:27.0.2] AndroidManifest.xml:20:5-44
MERGED from [com.android.support:cardview-v7:27.0.2] AndroidManifest.xml:20:5-44
MERGED from [com.android.support:recyclerview-v7:27.0.2] AndroidManifest.xml:20:5-44
MERGED from [com.android.support:recyclerview-v7:27.0.2] AndroidManifest.xml:20:5-44
MERGED from [com.google.android.gms:play-services-places:11.8.0] AndroidManifest.xml:20:5-44
MERGED from [com.google.android.gms:play-services-places:11.8.0] AndroidManifest.xml:20:5-44
MERGED from [com.google.android.gms:play-services-maps:11.8.0] AndroidManifest.xml:20:5-44
MERGED from [com.google.android.gms:play-services-maps:11.8.0] AndroidManifest.xml:20:5-44
MERGED from [com.google.android.gms:play-services-base:11.8.0] AndroidManifest.xml:20:5-44
MERGED from [com.google.android.gms:play-services-base:11.8.0] AndroidManifest.xml:20:5-44
MERGED from [com.google.android.gms:play-services-tasks:11.8.0] AndroidManifest.xml:5:5-44
MERGED from [com.google.android.gms:play-services-tasks:11.8.0] AndroidManifest.xml:5:5-44
MERGED from [com.google.android.gms:play-services-basement:11.8.0] AndroidManifest.xml:20:5-44
MERGED from [com.google.android.gms:play-services-basement:11.8.0] AndroidManifest.xml:20:5-44
MERGED from [com.android.support:support-v13:27.0.2] AndroidManifest.xml:20:5-44
MERGED from [com.android.support:support-v13:27.0.2] AndroidManifest.xml:20:5-44
MERGED from [com.android.support:support-v4:27.0.2] AndroidManifest.xml:20:5-44
MERGED from [com.android.support:support-v4:27.0.2] AndroidManifest.xml:20:5-44
MERGED from [com.android.support:animated-vector-drawable:27.0.2] AndroidManifest.xml:20:5-44
MERGED from [com.android.support:animated-vector-drawable:27.0.2] AndroidManifest.xml:20:5-44
MERGED from [com.android.support:support-vector-drawable:27.0.2] AndroidManifest.xml:20:5-44
MERGED from [com.android.support:support-vector-drawable:27.0.2] AndroidManifest.xml:20:5-44
MERGED from [com.balysv:material-ripple:1.0.2] AndroidManifest.xml:8:5-10:41
MERGED from [com.balysv:material-ripple:1.0.2] AndroidManifest.xml:8:5-10:41
MERGED from [com.mikhaellopez:circularimageview:3.0.2] AndroidManifest.xml:7:5-9:41
MERGED from [com.mikhaellopez:circularimageview:3.0.2] AndroidManifest.xml:7:5-9:41
MERGED from [com.hootsuite.android:nachos:1.1.1] AndroidManifest.xml:7:5-9:41
MERGED from [com.hootsuite.android:nachos:1.1.1] AndroidManifest.xml:7:5-9:41
MERGED from [com.google.android:flexbox:0.3.2] AndroidManifest.xml:23:5-25:41
MERGED from [com.google.android:flexbox:0.3.2] AndroidManifest.xml:23:5-25:41
MERGED from [com.facebook.stetho:stetho:1.4.2] AndroidManifest.xml:7:5-9:41
MERGED from [com.facebook.stetho:stetho:1.4.2] AndroidManifest.xml:7:5-9:41
MERGED from [com.jakewharton:butterknife:8.5.1] AndroidManifest.xml:5:5-43
MERGED from [com.jakewharton:butterknife:8.5.1] AndroidManifest.xml:5:5-43
MERGED from [com.android.support:support-media-compat:27.0.2] AndroidManifest.xml:20:5-44
MERGED from [com.android.support:support-media-compat:27.0.2] AndroidManifest.xml:20:5-44
MERGED from [com.android.support:support-fragment:27.0.2] AndroidManifest.xml:20:5-44
MERGED from [com.android.support:support-fragment:27.0.2] AndroidManifest.xml:20:5-44
MERGED from [com.android.support:support-core-utils:27.0.2] AndroidManifest.xml:20:5-44
MERGED from [com.android.support:support-core-utils:27.0.2] AndroidManifest.xml:20:5-44
MERGED from [com.android.support:support-core-ui:27.0.2] AndroidManifest.xml:20:5-44
MERGED from [com.android.support:support-core-ui:27.0.2] AndroidManifest.xml:20:5-44
MERGED from [com.android.support:transition:27.0.2] AndroidManifest.xml:20:5-44
MERGED from [com.android.support:transition:27.0.2] AndroidManifest.xml:20:5-44
MERGED from [com.android.support:support-compat:27.0.2] AndroidManifest.xml:20:5-44
MERGED from [com.android.support:support-compat:27.0.2] AndroidManifest.xml:20:5-44
MERGED from [com.google.android.gms:play-services-maps-license:11.8.0] AndroidManifest.xml:4:5-43
MERGED from [com.google.android.gms:play-services-maps-license:11.8.0] AndroidManifest.xml:4:5-43
MERGED from [com.google.android.gms:play-services-places-license:11.8.0] AndroidManifest.xml:4:5-43
MERGED from [com.google.android.gms:play-services-places-license:11.8.0] AndroidManifest.xml:4:5-43
MERGED from [com.beloo.widget:ChipsLayoutManager:0.3.7] AndroidManifest.xml:8:5-10:41
MERGED from [com.beloo.widget:ChipsLayoutManager:0.3.7] AndroidManifest.xml:8:5-10:41
MERGED from [de.hdodenhof:circleimageview:2.1.0] AndroidManifest.xml:5:5-7:41
MERGED from [de.hdodenhof:circleimageview:2.1.0] AndroidManifest.xml:5:5-7:41
MERGED from [com.google.android.gms:play-services-base-license:11.8.0] AndroidManifest.xml:4:5-43
MERGED from [com.google.android.gms:play-services-base-license:11.8.0] AndroidManifest.xml:4:5-43
MERGED from [com.google.android.gms:play-services-basement-license:11.8.0] AndroidManifest.xml:4:5-43
MERGED from [com.google.android.gms:play-services-basement-license:11.8.0] AndroidManifest.xml:4:5-43
MERGED from [com.google.android.gms:play-services-tasks-license:11.8.0] AndroidManifest.xml:4:5-43
MERGED from [com.google.android.gms:play-services-tasks-license:11.8.0] AndroidManifest.xml:4:5-43
MERGED from [android.arch.lifecycle:runtime:1.0.3] AndroidManifest.xml:20:5-22:41
MERGED from [android.arch.lifecycle:runtime:1.0.3] AndroidManifest.xml:20:5-22:41
INJECTED from src\main\AndroidManifest.xml
INJECTED from src\main\AndroidManifest.xml
	android:targetSdkVersion
		INJECTED from src\main\AndroidManifest.xml
		ADDED from src\main\AndroidManifest.xml
		INJECTED from src\main\AndroidManifest.xml
	android:minSdkVersion
		INJECTED from src\main\AndroidManifest.xml
		ADDED from src\main\AndroidManifest.xml
		INJECTED from src\main\AndroidManifest.xml
uses-permission#android.permission.VIBRATE
ADDED from [com.wdullaer:materialdatetimepicker:3.2.0] AndroidManifest.xml:26:5-66
	android:name
		ADDED from [com.wdullaer:materialdatetimepicker:3.2.0] AndroidManifest.xml:26:22-63
uses-permission#android.permission.ACCESS_NETWORK_STATE
ADDED from [com.google.android.gms:play-services-maps:11.8.0] AndroidManifest.xml:23:5-79
	android:name
		ADDED from [com.google.android.gms:play-services-maps:11.8.0] AndroidManifest.xml:23:22-76
uses-permission#android.permission.INTERNET
ADDED from [com.google.android.gms:play-services-maps:11.8.0] AndroidManifest.xml:24:5-67
	android:name
		ADDED from [com.google.android.gms:play-services-maps:11.8.0] AndroidManifest.xml:24:22-64
uses-feature#0x00020000
ADDED from [com.google.android.gms:play-services-maps:11.8.0] AndroidManifest.xml:26:5-28:35
	android:glEsVersion
		ADDED from [com.google.android.gms:play-services-maps:11.8.0] AndroidManifest.xml:27:9-41
	android:required
		ADDED from [com.google.android.gms:play-services-maps:11.8.0] AndroidManifest.xml:28:9-32
activity#com.google.android.gms.common.api.GoogleApiActivity
ADDED from [com.google.android.gms:play-services-base:11.8.0] AndroidManifest.xml:23:9-26:75
	android:exported
		ADDED from [com.google.android.gms:play-services-base:11.8.0] AndroidManifest.xml:25:13-37
	android:theme
		ADDED from [com.google.android.gms:play-services-base:11.8.0] AndroidManifest.xml:26:13-72
	android:name
		ADDED from [com.google.android.gms:play-services-base:11.8.0] AndroidManifest.xml:24:13-79
meta-data#com.google.android.gms.version
ADDED from [com.google.android.gms:play-services-basement:11.8.0] AndroidManifest.xml:23:9-25:69
	android:value
		ADDED from [com.google.android.gms:play-services-basement:11.8.0] AndroidManifest.xml:25:13-66
	android:name
		ADDED from [com.google.android.gms:play-services-basement:11.8.0] AndroidManifest.xml:24:13-58